17:47:39.428 [INFO] Initializing concepts cache with 0 concepts
17:47:39.428 [INFO] Initializing specs cache with 1 specs
17:47:39.429 [INFO] Watching directory: /Users/lqi/work/gauge/unittest/specs
17:47:40.362 [INFO] Initializing steps cache with 6 steps
15:34:06.409 [INFO] Initializing concepts cache with 0 concepts
15:34:06.410 [INFO] Watching directory: /Users/lqi/work/gauge/unittest/specs
15:34:06.410 [INFO] Initializing specs cache with 1 specs
15:34:07.352 [INFO] Initializing steps cache with 6 steps
15:34:33.606 [INFO] Initializing concepts cache with 0 concepts
15:34:33.606 [INFO] Watching directory: /Users/lqi/work/gauge/unittest/specs
15:34:33.607 [INFO] Initializing specs cache with 1 specs
15:34:34.460 [INFO] Initializing steps cache with 6 steps
15:43:39.942 [INFO] Initializing concepts cache with 0 concepts
15:43:39.942 [INFO] Watching directory: /Users/lqi/work/gauge/unittest/specs
15:43:39.943 [INFO] Initializing specs cache with 1 specs
15:43:40.901 [INFO] Initializing steps cache with 6 steps
15:44:02.934 [INFO] Initializing concepts cache with 0 concepts
15:44:02.934 [INFO] Watching directory: /Users/lqi/work/gauge/unittest/specs
15:44:02.935 [INFO] Initializing specs cache with 1 specs
15:44:03.789 [INFO] Initializing steps cache with 6 steps
17:46:44.749 [INFO] Initializing concepts cache with 0 concepts
17:46:44.750 [INFO] Initializing specs cache with 1 specs
17:46:44.750 [INFO] Watching directory: /Users/lqi/work/gauge/unittest/specs
17:46:45.710 [INFO] Initializing steps cache with 8 steps
10:41:56.053 [INFO] Initializing concepts cache with 0 concepts
10:41:56.054 [INFO] Initializing specs cache with 1 specs
10:41:56.056 [INFO] Watching directory: /Users/lqi/work/gauge/unittest/specs
10:41:57.008 [INFO] Initializing steps cache with 8 steps
10:42:28.940 [INFO] Initializing concepts cache with 0 concepts
10:42:28.940 [INFO] Watching directory: /Users/lqi/work/gauge/unittest/specs
10:42:28.941 [INFO] Initializing specs cache with 1 specs
10:42:29.794 [INFO] Initializing steps cache with 8 steps
12:30:50.050 [INFO] Initializing concepts cache with 0 concepts
12:30:50.050 [INFO] Watching directory: /Users/lqi/work/gauge/unittest/specs
12:30:50.051 [INFO] Initializing specs cache with 1 specs
12:30:50.986 [INFO] Initializing steps cache with 8 steps
17:47:43.648 [INFO] Initializing concepts cache with 0 concepts
17:47:43.649 [INFO] Watching directory: /Users/lqi/work/gauge/unittest/specs
17:47:43.649 [INFO] Initializing specs cache with 1 specs
17:47:44.641 [INFO] Initializing steps cache with 10 steps
17:48:02.175 [INFO] Initializing concepts cache with 0 concepts
17:48:02.175 [INFO] Watching directory: /Users/lqi/work/gauge/unittest/specs
17:48:02.176 [INFO] Initializing specs cache with 1 specs
17:48:03.060 [INFO] Initializing steps cache with 10 steps
20:47:08.187 [INFO] Initializing concepts cache with 0 concepts
20:47:08.188 [INFO] Initializing specs cache with 1 specs
20:47:08.188 [INFO] Watching directory: /Users/lqi/work/gauge/unittest/specs
20:47:09.169 [INFO] Initializing steps cache with 10 steps
20:47:31.400 [INFO] Initializing concepts cache with 0 concepts
20:47:31.400 [INFO] Watching directory: /Users/lqi/work/gauge/unittest/specs
20:47:31.401 [INFO] Initializing specs cache with 1 specs
20:47:32.255 [INFO] Initializing steps cache with 10 steps
20:48:04.393 [INFO] Initializing concepts cache with 0 concepts
20:48:04.393 [INFO] Watching directory: /Users/lqi/work/gauge/unittest/specs
20:48:04.394 [INFO] Initializing specs cache with 1 specs
20:48:05.270 [INFO] Initializing steps cache with 10 steps
20:49:08.993 [INFO] Initializing concepts cache with 0 concepts
20:49:08.993 [INFO] Watching directory: /Users/lqi/work/gauge/unittest/specs
20:49:08.994 [INFO] Initializing specs cache with 1 specs
20:49:09.978 [INFO] Initializing steps cache with 10 steps
20:50:53.850 [INFO] Initializing concepts cache with 0 concepts
20:50:53.850 [INFO] Watching directory: /Users/lqi/work/gauge/unittest/specs
20:50:53.851 [INFO] Initializing specs cache with 1 specs
20:50:54.713 [INFO] Initializing steps cache with 10 steps
21:17:31.778 [INFO] Initializing concepts cache with 0 concepts
21:17:31.779 [INFO] Watching directory: /Users/lqi/work/gauge/unittest/specs
21:17:31.779 [INFO] Initializing specs cache with 1 specs
21:17:32.764 [INFO] Initializing steps cache with 12 steps
21:18:16.346 [INFO] Initializing concepts cache with 0 concepts
21:18:16.347 [INFO] Watching directory: /Users/lqi/work/gauge/unittest/specs
21:18:16.347 [INFO] Initializing specs cache with 1 specs
21:18:17.208 [INFO] Initializing steps cache with 12 steps
21:20:35.603 [INFO] Initializing concepts cache with 0 concepts
21:20:35.604 [INFO] Watching directory: /Users/lqi/work/gauge/unittest/specs
21:20:35.605 [INFO] Initializing specs cache with 1 specs
21:20:36.478 [INFO] Initializing steps cache with 12 steps
21:21:06.309 [INFO] Initializing concepts cache with 0 concepts
21:21:06.309 [INFO] Watching directory: /Users/lqi/work/gauge/unittest/specs
21:21:06.310 [INFO] Initializing specs cache with 1 specs
21:21:07.227 [INFO] Initializing steps cache with 12 steps
21:21:08.870 [INFO] Initializing concepts cache with 0 concepts
21:21:08.870 [INFO] Watching directory: /Users/lqi/work/gauge/unittest/specs
21:21:08.871 [INFO] Initializing specs cache with 1 specs
21:21:09.734 [INFO] Initializing steps cache with 12 steps
21:21:28.066 [INFO] Initializing concepts cache with 0 concepts
21:21:28.067 [INFO] Watching directory: /Users/lqi/work/gauge/unittest/specs
21:21:28.068 [INFO] Initializing specs cache with 1 specs
21:21:28.958 [INFO] Initializing steps cache with 12 steps
21:38:34.910 [INFO] Initializing concepts cache with 0 concepts
21:38:34.910 [INFO] Watching directory: /Users/lqi/work/gauge/unittest/specs
21:38:34.912 [INFO] Initializing specs cache with 1 specs
21:38:35.878 [INFO] Initializing steps cache with 14 steps
22:05:51.200 [INFO] Initializing concepts cache with 0 concepts
22:05:51.201 [INFO] Initializing specs cache with 1 specs
22:05:51.201 [INFO] Watching directory: /Users/lqi/work/gauge/unittest/specs
22:05:52.164 [INFO] Initializing steps cache with 7 steps
22:06:09.748 [INFO] Initializing concepts cache with 0 concepts
22:06:09.749 [INFO] Watching directory: /Users/lqi/work/gauge/unittest/specs
22:06:09.749 [INFO] Initializing specs cache with 1 specs
22:06:10.605 [INFO] Initializing steps cache with 7 steps
22:06:40.850 [INFO] Initializing concepts cache with 0 concepts
22:06:40.850 [INFO] Watching directory: /Users/lqi/work/gauge/unittest/specs
22:06:40.851 [INFO] Initializing specs cache with 1 specs
22:06:41.701 [INFO] Initializing steps cache with 7 steps
22:06:54.249 [INFO] Initializing concepts cache with 0 concepts
22:06:54.249 [INFO] Watching directory: /Users/lqi/work/gauge/unittest/specs
22:06:54.250 [INFO] Initializing specs cache with 1 specs
22:06:55.105 [INFO] Initializing steps cache with 7 steps
22:07:42.490 [INFO] Initializing concepts cache with 0 concepts
22:07:42.490 [INFO] Watching directory: /Users/lqi/work/gauge/unittest/specs
22:07:42.491 [INFO] Initializing specs cache with 1 specs
22:07:43.357 [INFO] Initializing steps cache with 7 steps
22:07:52.386 [INFO] Initializing concepts cache with 0 concepts
22:07:52.386 [INFO] Watching directory: /Users/lqi/work/gauge/unittest/specs
22:07:52.387 [INFO] Initializing specs cache with 1 specs
22:07:53.244 [INFO] Initializing steps cache with 7 steps
22:08:02.091 [INFO] Initializing concepts cache with 0 concepts
22:08:02.091 [INFO] Watching directory: /Users/lqi/work/gauge/unittest/specs
22:08:02.092 [INFO] Initializing specs cache with 1 specs
22:08:02.960 [INFO] Initializing steps cache with 7 steps
22:08:32.167 [INFO] Initializing concepts cache with 0 concepts
22:08:32.168 [INFO] Watching directory: /Users/lqi/work/gauge/unittest/specs
22:08:32.168 [INFO] Initializing specs cache with 1 specs
22:08:33.031 [INFO] Initializing steps cache with 6 steps
22:09:06.523 [INFO] Initializing concepts cache with 0 concepts
22:09:06.524 [INFO] Watching directory: /Users/lqi/work/gauge/unittest/specs
22:09:06.524 [INFO] Initializing specs cache with 1 specs
22:09:07.370 [INFO] Initializing steps cache with 6 steps
22:09:15.082 [INFO] Initializing concepts cache with 0 concepts
22:09:15.082 [INFO] Watching directory: /Users/lqi/work/gauge/unittest/specs
22:09:15.083 [INFO] Initializing specs cache with 1 specs
22:09:15.956 [INFO] Initializing steps cache with 6 steps
22:12:02.552 [INFO] Initializing concepts cache with 0 concepts
22:12:02.552 [INFO] Watching directory: /Users/lqi/work/gauge/unittest/specs
22:12:02.553 [INFO] Initializing specs cache with 1 specs
22:12:03.430 [INFO] Initializing steps cache with 7 steps
22:12:26.457 [INFO] Initializing concepts cache with 0 concepts
22:12:26.457 [INFO] Watching directory: /Users/lqi/work/gauge/unittest/specs
22:12:26.457 [INFO] Initializing specs cache with 1 specs
22:12:27.328 [INFO] Initializing steps cache with 7 steps
22:14:24.463 [INFO] Initializing concepts cache with 0 concepts
22:14:24.463 [INFO] Watching directory: /Users/lqi/work/gauge/unittest/specs
22:14:24.464 [INFO] Initializing specs cache with 1 specs
22:14:25.330 [INFO] Initializing steps cache with 7 steps
22:14:41.596 [INFO] Initializing concepts cache with 0 concepts
22:14:41.597 [INFO] Watching directory: /Users/lqi/work/gauge/unittest/specs
22:14:41.598 [INFO] Initializing specs cache with 1 specs
22:14:42.459 [INFO] Initializing steps cache with 7 steps
22:11:55.066 [INFO] Initializing concepts cache with 0 concepts
22:11:55.068 [INFO] Watching directory: /Users/lqi/work/gauge/unittest/specs
22:11:55.069 [INFO] Initializing specs cache with 1 specs
22:11:56.039 [INFO] Initializing steps cache with 7 steps
22:13:59.909 [INFO] Initializing concepts cache with 0 concepts
22:13:59.909 [INFO] Watching directory: /Users/lqi/work/gauge/unittest/specs
22:13:59.909 [INFO] Initializing specs cache with 1 specs
22:14:00.877 [INFO] Initializing steps cache with 7 steps
15:10:09.204 [INFO] Initializing concepts cache with 0 concepts
15:10:09.205 [INFO] Watching directory: /Users/lqi/work/gauge/unittest/specs
15:10:09.205 [INFO] Initializing specs cache with 1 specs
15:10:10.178 [INFO] Initializing steps cache with 7 steps
21:35:28.734 [INFO] Initializing concepts cache with 0 concepts
21:35:28.735 [INFO] Watching directory: /Users/lqi/work/gauge/unittest/specs
21:35:28.740 [INFO] Initializing specs cache with 1 specs
21:35:32.310 [INFO] Initializing steps cache with 3 steps
21:37:42.648 [INFO] Spec file added / modified: /Users/lqi/work/gauge/unittest/specs/hello_world.spec
21:48:00.948 [INFO] Initializing concepts cache with 0 concepts
21:48:00.949 [INFO] Watching directory: /Users/lqi/work/gauge/unittest/specs
21:48:00.949 [INFO] Initializing specs cache with 1 specs
21:48:01.884 [INFO] Initializing steps cache with 7 steps
21:53:12.615 [INFO] Initializing concepts cache with 0 concepts
21:53:12.616 [INFO] Watching directory: /Users/lqi/work/gauge/unittest/specs
21:53:12.616 [INFO] Initializing specs cache with 1 specs
21:53:13.606 [INFO] Initializing steps cache with 7 steps
